Fri Nov 22 05:27:12 2013 srsieve started: 6921 <= n <= 59989, 85154082313 <= p <= 4085154082313
Fri Nov 22 05:27:15 2013 srsieve started: 5429 <= n <= 60000, 8428646293 <= p <= 4008428646293
Fri Nov 22 05:27:18 2013 srsieve started: 6122 <= n <= 60000, 7190927923 <= p <= 4007190927923
Fri Nov 22 05:27:20 2013 srsieve started: 6444 <= n <= 59999, 7755808751 <= p <= 4007755808751
Fri Nov 22 05:27:24 2013 srsieve started: 6209 <= n <= 60000, 4946876381 <= p <= 4004946876381
Fri Nov 22 05:27:28 2013 srsieve started: 5139 <= n <= 60000, 3439010411 <= p <= 4003439010411
Fri Nov 22 05:27:30 2013 srsieve started: 5941 <= n <= 59999, 8209893343 <= p <= 4008209893343
Fri Nov 22 05:27:33 2013 srsieve started: 5362 <= n <= 60000, 2769597709 <= p <= 4002769597709
Fri Nov 22 05:27:35 2013 srsieve started: 14311 <= n <= 59983, 17601418883 <= p <= 4017601418883
Fri Nov 22 06:11:51 2013 srsieve stopped: at p=20570524753 because SIGINT was received.
Fri Nov 22 06:11:52 2013 srsieve stopped: at p=3393927701 because SIGINT was received.
Fri Nov 22 06:11:52 2013 srsieve stopped: at p=9442252231 because SIGINT was received.
Fri Nov 22 06:11:53 2013 srsieve stopped: at p=3989109611 because SIGINT was received.
Fri Nov 22 06:11:54 2013 srsieve stopped: at p=5680584421 because SIGINT was received.
Fri Nov 22 06:11:55 2013 srsieve stopped: at p=8703007309 because SIGINT was received.
Fri Nov 22 06:32:57 2013 srsieve started: 6444 <= n <= 59999, 8703007309 <= p <= 4008703007309
Fri Nov 22 06:32:58 2013 srsieve started: 6209 <= n <= 60000, 5680584421 <= p <= 4005680584421
Fri Nov 22 06:33:00 2013 srsieve started: 5139 <= n <= 60000, 3989109611 <= p <= 4003989109611
Fri Nov 22 06:33:01 2013 srsieve started: 5941 <= n <= 59999, 9442252231 <= p <= 4009442252231
Fri Nov 22 06:33:04 2013 srsieve started: 5362 <= n <= 60000, 3393927701 <= p <= 4003393927701
Fri Nov 22 06:33:05 2013 srsieve started: 14311 <= n <= 59983, 20570524753 <= p <= 4020570524753
Fri Nov 22 17:59:07 2013 srsieve stopped: at p=17274535177 because SIGINT was received.
Fri Nov 22 17:59:11 2013 srsieve stopped: at p=68911736303 because SIGINT was received.
Fri Nov 22 17:59:12 2013 srsieve stopped: at p=10844108183 because SIGINT was received.
Fri Nov 22 17:59:13 2013 srsieve stopped: at p=29584277431 because SIGINT was received.
Fri Nov 22 17:59:15 2013 srsieve stopped: at p=10295181277 because SIGINT was received.
Fri Nov 22 17:59:18 2013 srsieve stopped: at p=25052715409 because SIGINT was received.
Fri Nov 22 18:05:19 2013 srsieve stopped: at p=23987704561 because SIGINT was received.
Fri Nov 22 18:05:21 2013 srsieve stopped: at p=27445218701 because SIGINT was received.
Fri Nov 22 18:05:22 2013 srsieve stopped: at p=121470019883 because SIGINT was received.
Fri Nov 22 18:16:32 2013 srsieve started: 6921 <= n <= 59989, 121470019883 <= p <= 4121470019883
Fri Nov 22 18:16:33 2013 srsieve started: 5429 <= n <= 60000, 27445218701 <= p <= 4027445218701
Fri Nov 22 18:16:34 2013 srsieve started: 6122 <= n <= 60000, 23987704561 <= p <= 4023987704561
Fri Nov 22 18:16:35 2013 srsieve started: 6444 <= n <= 59999, 25052715409 <= p <= 4025052715409
Fri Nov 22 18:16:37 2013 srsieve started: 6209 <= n <= 60000, 17274535177 <= p <= 4017274535177
Fri Nov 22 18:16:38 2013 srsieve started: 5139 <= n <= 60000, 10295181277 <= p <= 4010295181277
Fri Nov 22 18:16:39 2013 srsieve started: 5941 <= n <= 59999, 29584277431 <= p <= 4029584277431
Fri Nov 22 18:16:41 2013 srsieve started: 5362 <= n <= 60000, 10844108183 <= p <= 4010844108183
Fri Nov 22 18:16:42 2013 srsieve started: 14311 <= n <= 59983, 68911736303 <= p <= 4068911736303
Fri Nov 22 18:17:21 2013 srsieve stopped: at p=121516287931 because SIGINT was received.
Fri Nov 22 18:17:23 2013 srsieve stopped: at p=68962916761 because SIGINT was received.
Fri Nov 22 18:17:23 2013 srsieve stopped: at p=10851633277 because SIGINT was received.
Fri Nov 22 18:17:24 2013 srsieve stopped: at p=29606927717 because SIGINT was received.
Fri Nov 22 18:17:24 2013 srsieve stopped: at p=10302665141 because SIGINT was received.
Fri Nov 22 18:17:25 2013 srsieve stopped: at p=17291388629 because SIGINT was received.
Fri Nov 22 18:17:25 2013 srsieve stopped: at p=25075078321 because SIGINT was received.
Fri Nov 22 18:17:26 2013 srsieve stopped: at p=24010475597 because SIGINT was received.
Fri Nov 22 18:17:26 2013 srsieve stopped: at p=27473564623 because SIGINT was received.
Fri Nov 22 18:18:18 2013 srsieve started: 8792 <= n <= 59989, 121470019883 <= p <= 4121470019883
Fri Nov 22 18:18:22 2013 srsieve started: 6916 <= n <= 60000, 27445218701 <= p <= 4027445218701
Fri Nov 22 18:18:24 2013 srsieve started: 7745 <= n <= 60000, 23987704561 <= p <= 4023987704561
Fri Nov 22 18:18:27 2013 srsieve started: 8065 <= n <= 59999, 25052715409 <= p <= 4025052715409
Fri Nov 22 18:18:28 2013 srsieve started: 7992 <= n <= 60000, 17274535177 <= p <= 4017274535177
Fri Nov 22 18:18:30 2013 srsieve started: 6516 <= n <= 60000, 10295181277 <= p <= 4010295181277
Fri Nov 22 18:18:30 2013 srsieve started: 7792 <= n <= 59999, 29584277431 <= p <= 4029584277431
Fri Nov 22 18:18:32 2013 srsieve started: 6866 <= n <= 60000, 10844108183 <= p <= 4010844108183
Fri Nov 22 18:18:33 2013 srsieve started: 17499 <= n <= 59983, 68911736303 <= p <= 4068911736303
Sun Nov 24 10:38:45 2013 srsieve stopped: at p=237308796013 because SIGINT was received.
Sun Nov 24 10:38:46 2013 srsieve stopped: at p=92403041609 because SIGINT was received.
Sun Nov 24 10:38:47 2013 srsieve stopped: at p=85560455503 because SIGINT was received.
Sun Nov 24 10:38:47 2013 srsieve stopped: at p=89882136527 because SIGINT was received.
Sun Nov 24 10:38:48 2013 srsieve stopped: at p=75017067971 because SIGINT was received.
Sun Nov 24 10:38:48 2013 srsieve stopped: at p=37823203801 because SIGINT was received.
Sun Nov 24 10:38:49 2013 srsieve stopped: at p=122415407921 because SIGINT was received.
Sun Nov 24 10:38:50 2013 srsieve stopped: at p=41358373003 because SIGINT was received.
Sun Nov 24 10:38:50 2013 srsieve stopped: at p=258267632807 because SIGINT was received.
Sun Nov 24 11:37:19 2013 srsieve started: 12291 <= n <= 59989, 237308796013 <= p <= 4237308796013
Sun Nov 24 11:37:21 2013 srsieve started: 10367 <= n <= 60000, 92403041609 <= p <= 4092403041609
Sun Nov 24 11:37:22 2013 srsieve started: 11089 <= n <= 60000, 85560455503 <= p <= 4085560455503
Sun Nov 24 11:37:24 2013 srsieve started: 11503 <= n <= 59999, 89882136527 <= p <= 4089882136527
Sun Nov 24 11:37:25 2013 srsieve started: 11437 <= n <= 60000, 75017067971 <= p <= 4075017067971
Sun Nov 24 11:37:26 2013 srsieve started: 9164 <= n <= 60000, 37823203801 <= p <= 4037823203801
Sun Nov 24 11:37:26 2013 srsieve started: 10936 <= n <= 59999, 122415407921 <= p <= 4122415407921
Sun Nov 24 11:37:27 2013 srsieve started: 9924 <= n <= 60000, 41358373003 <= p <= 4041358373003
Sun Nov 24 11:37:33 2013 srsieve started: 24863 <= n <= 59983, 258267632807 <= p <= 4258267632807
Sun Nov 24 23:41:18 2013 srsieve stopped: at p=320252767727 because SIGINT was received.
Sun Nov 24 23:41:19 2013 srsieve stopped: at p=51914466211 because SIGINT was received.
Sun Nov 24 23:41:20 2013 srsieve stopped: at p=160295005483 because SIGINT was received.
Sun Nov 24 23:41:20 2013 srsieve stopped: at p=46861393153 because SIGINT was received.
Sun Nov 24 23:41:21 2013 srsieve stopped: at p=93532493969 because SIGINT was received.
Sun Nov 24 23:41:21 2013 srsieve stopped: at p=110359845511 because SIGINT was received.
Sun Nov 24 23:41:22 2013 srsieve stopped: at p=107467697587 because SIGINT was received.
Sun Nov 24 23:41:23 2013 srsieve stopped: at p=117564496199 because SIGINT was received.
Sun Nov 24 23:41:23 2013 srsieve stopped: at p=273682771969 because SIGINT was received.
Mon Nov 25 10:21:48 2013 srsieve started: 12801 <= n <= 59949, 273682771969 <= p <= 4273682771969
Mon Nov 25 10:21:53 2013 srsieve started: 10985 <= n <= 59997, 117564496199 <= p <= 4117564496199
Mon Nov 25 10:21:59 2013 srsieve started: 11558 <= n <= 59992, 107467697587 <= p <= 4107467697587
Mon Nov 25 10:22:05 2013 srsieve started: 11948 <= n <= 59999, 110359845511 <= p <= 4110359845511
Mon Nov 25 10:22:11 2013 srsieve started: 12059 <= n <= 59993, 93532493969 <= p <= 4093532493969
Mon Nov 25 10:22:16 2013 srsieve started: 10935 <= n <= 59998, 46861393153 <= p <= 4046861393153
Mon Nov 25 10:22:22 2013 srsieve started: 11387 <= n <= 59999, 160295005483 <= p <= 4160295005483
Mon Nov 25 10:22:28 2013 srsieve started: 10911 <= n <= 59998, 51914466211 <= p <= 4051914466211
Mon Nov 25 10:22:33 2013 srsieve started: 25915 <= n <= 59983, 320252767727 <= p <= 4320252767727
Tue Nov 26 00:00:40 2013 srsieve stopped: at p=397806958919 because SIGINT was received.
Tue Nov 26 00:00:41 2013 srsieve stopped: at p=207310598447 because SIGINT was received.
Tue Nov 26 00:00:42 2013 srsieve stopped: at p=149137168289 because SIGINT was received.
Tue Nov 26 00:00:42 2013 srsieve stopped: at p=170717161513 because SIGINT was received.
Tue Nov 26 00:00:43 2013 srsieve stopped: at p=132181184441 because SIGINT was received.
Tue Nov 26 00:00:43 2013 srsieve stopped: at p=65218092937 because SIGINT was received.
Tue Nov 26 00:00:44 2013 srsieve stopped: at p=230376376273 because SIGINT was received.
Tue Nov 26 00:00:44 2013 srsieve stopped: at p=73171354169 because SIGINT was received.
Tue Nov 26 00:00:45 2013 srsieve stopped: at p=405430477391 because SIGINT was received.
Tue Nov 26 05:34:53 2013 srsieve started: 15889 <= n <= 59949, 397806958919 <= p <= 4397806958919
Tue Nov 26 05:34:56 2013 srsieve started: 15831 <= n <= 59997, 207310598447 <= p <= 4207310598447
Tue Nov 26 05:34:57 2013 srsieve started: 15826 <= n <= 59992, 149137168289 <= p <= 4149137168289
Tue Nov 26 05:34:58 2013 srsieve started: 15827 <= n <= 59999, 170717161513 <= p <= 4170717161513
Tue Nov 26 05:34:59 2013 srsieve started: 15863 <= n <= 59993, 132181184441 <= p <= 4132181184441
Tue Nov 26 05:35:00 2013 srsieve started: 15824 <= n <= 59998, 65218092937 <= p <= 4065218092937
Tue Nov 26 05:35:02 2013 srsieve started: 15848 <= n <= 59999, 230376376273 <= p <= 4230376376273
Tue Nov 26 05:35:03 2013 srsieve started: 15817 <= n <= 59998, 73171354169 <= p <= 4073171354169
Tue Nov 26 05:35:04 2013 srsieve started: 25915 <= n <= 59983, 405430477391 <= p <= 4405430477391
Tue Nov 26 06:12:17 2013 srsieve stopped: at p=403603603003 because SIGINT was received.
Tue Nov 26 06:12:18 2013 srsieve stopped: at p=211532403827 because SIGINT was received.
Tue Nov 26 06:12:18 2013 srsieve stopped: at p=151079048683 because SIGINT was received.
Tue Nov 26 06:12:19 2013 srsieve stopped: at p=173578986127 because SIGINT was received.
Tue Nov 26 06:12:19 2013 srsieve stopped: at p=134004560579 because SIGINT was received.
Tue Nov 26 06:12:20 2013 srsieve stopped: at p=66129521401 because SIGINT was received.
Tue Nov 26 06:12:20 2013 srsieve stopped: at p=233668057591 because SIGINT was received.
Tue Nov 26 06:12:21 2013 srsieve stopped: at p=74191491853 because SIGINT was received.
Tue Nov 26 06:12:22 2013 srsieve stopped: at p=409292557027 because SIGINT was received.
Tue Nov 26 10:59:30 2013 srsieve started: 15889 <= n <= 59949, 403603603003 <= p <= 4403603603003
Tue Nov 26 10:59:31 2013 srsieve started: 15831 <= n <= 59997, 211532403827 <= p <= 4211532403827
Tue Nov 26 10:59:32 2013 srsieve started: 15826 <= n <= 59992, 151079048683 <= p <= 4151079048683
Tue Nov 26 10:59:33 2013 srsieve started: 15827 <= n <= 59999, 173578986127 <= p <= 4173578986127
Tue Nov 26 10:59:33 2013 srsieve started: 15863 <= n <= 59993, 134004560579 <= p <= 4134004560579
Tue Nov 26 10:59:34 2013 srsieve started: 15824 <= n <= 59998, 66129521401 <= p <= 4066129521401
Tue Nov 26 10:59:35 2013 srsieve started: 15848 <= n <= 59999, 233668057591 <= p <= 4233668057591
Tue Nov 26 10:59:36 2013 srsieve started: 15817 <= n <= 59998, 74191491853 <= p <= 4074191491853
Tue Nov 26 10:59:36 2013 srsieve started: 25915 <= n <= 59983, 409292557027 <= p <= 4409292557027
Tue Nov 26 11:57:20 2013 srsieve stopped: at p=415307099887 because SIGINT was received.
Tue Nov 26 11:57:20 2013 srsieve stopped: at p=75761944009 because SIGINT was received.
Tue Nov 26 11:57:21 2013 srsieve stopped: at p=238789682837 because SIGINT was received.
Tue Nov 26 11:57:21 2013 srsieve stopped: at p=67538669123 because SIGINT was received.
Tue Nov 26 11:57:22 2013 srsieve stopped: at p=136853840597 because SIGINT was received.
Tue Nov 26 11:57:23 2013 srsieve stopped: at p=178018924219 because SIGINT was received.
Tue Nov 26 11:57:23 2013 srsieve stopped: at p=154133345693 because SIGINT was received.
Tue Nov 26 12:11:28 2013 srsieve started: 15826 <= n <= 59992, 154133345693 <= p <= 4154133345693
Tue Nov 26 12:11:29 2013 srsieve started: 15827 <= n <= 59999, 178018924219 <= p <= 4178018924219
Tue Nov 26 12:11:30 2013 srsieve started: 15863 <= n <= 59993, 136853840597 <= p <= 4136853840597
Tue Nov 26 12:11:31 2013 srsieve started: 15824 <= n <= 59998, 67538669123 <= p <= 4067538669123
Tue Nov 26 12:11:31 2013 srsieve started: 15848 <= n <= 59999, 238789682837 <= p <= 4238789682837
Tue Nov 26 12:11:32 2013 srsieve started: 15817 <= n <= 59998, 75761944009 <= p <= 4075761944009
Tue Nov 26 12:11:33 2013 srsieve started: 25915 <= n <= 59983, 415307099887 <= p <= 4415307099887
Tue Nov 26 23:59:16 2013 srsieve stopped: at p=489581381579 because SIGINT was received.
Tue Nov 26 23:59:17 2013 srsieve stopped: at p=95196860441 because SIGINT was received.
Tue Nov 26 23:59:18 2013 srsieve stopped: at p=302067920717 because SIGINT was received.
Tue Nov 26 23:59:19 2013 srsieve stopped: at p=84960376187 because SIGINT was received.
Tue Nov 26 23:59:20 2013 srsieve stopped: at p=171802787659 because SIGINT was received.
Tue Nov 26 23:59:21 2013 srsieve stopped: at p=232770360187 because SIGINT was received.
Tue Nov 26 23:59:23 2013 srsieve stopped: at p=191650306877 because SIGINT was received.
Tue Nov 26 23:59:24 2013 srsieve stopped: at p=303835107881 because SIGINT was received.
Tue Nov 26 23:59:27 2013 srsieve stopped: at p=529659422843 because SIGINT was received.
Wed Nov 27 00:07:18 2013 srsieve started: 15889 <= n <= 59949, 529659422843 <= p <= 4529659422843
Wed Nov 27 00:07:19 2013 srsieve started: 15831 <= n <= 59997, 303835107881 <= p <= 4303835107881
Wed Nov 27 00:07:19 2013 srsieve started: 15826 <= n <= 59992, 191650306877 <= p <= 4191650306877
Wed Nov 27 00:07:21 2013 srsieve started: 15863 <= n <= 59993, 171802787659 <= p <= 4171802787659
Wed Nov 27 00:07:22 2013 srsieve started: 15824 <= n <= 59998, 84960376187 <= p <= 4084960376187
Wed Nov 27 00:07:23 2013 srsieve started: 15848 <= n <= 59999, 302067920717 <= p <= 4302067920717
Wed Nov 27 00:07:23 2013 srsieve started: 15817 <= n <= 59998, 95196860441 <= p <= 4095196860441
Wed Nov 27 00:07:24 2013 srsieve started: 25915 <= n <= 59983, 489581381579 <= p <= 4489581381579
Wed Nov 27 12:12:19 2013 srsieve stopped: at p=658257193553 because SIGINT was received.
Wed Nov 27 12:12:20 2013 srsieve stopped: at p=397892944723 because SIGINT was received.
Wed Nov 27 12:12:20 2013 srsieve stopped: at p=235445169823 because SIGINT was received.
Wed Nov 27 12:12:23 2013 srsieve stopped: at p=212452050883 because SIGINT was received.
Wed Nov 27 12:12:24 2013 srsieve stopped: at p=105226508921 because SIGINT was received.
Wed Nov 27 12:12:24 2013 srsieve stopped: at p=375551726131 because SIGINT was received.
Wed Nov 27 12:12:25 2013 srsieve stopped: at p=117739732181 because SIGINT was received.
Wed Nov 27 12:12:26 2013 srsieve stopped: at p=575636730973 because SIGINT was received.
Wed Nov 27 12:29:27 2013 srsieve started: 15889 <= n <= 59949, 658257193553 <= p <= 4658257193553
Wed Nov 27 12:29:28 2013 srsieve started: 15831 <= n <= 59997, 397892944723 <= p <= 4397892944723
Wed Nov 27 12:29:29 2013 srsieve started: 15826 <= n <= 59992, 235445169823 <= p <= 4235445169823
Wed Nov 27 12:29:31 2013 srsieve started: 15827 <= n <= 59999, 232770360187 <= p <= 4232770360187
Wed Nov 27 12:29:33 2013 srsieve started: 15863 <= n <= 59993, 212452050883 <= p <= 4212452050883
Wed Nov 27 12:29:35 2013 srsieve started: 15824 <= n <= 59998, 105226508921 <= p <= 4105226508921
Wed Nov 27 12:29:36 2013 srsieve started: 15848 <= n <= 59999, 375551726131 <= p <= 4375551726131
Wed Nov 27 12:29:37 2013 srsieve started: 15817 <= n <= 59998, 117739732181 <= p <= 4117739732181
Wed Nov 27 12:29:46 2013 srsieve started: 25915 <= n <= 59983, 575636730973 <= p <= 4575636730973
Thu Nov 28 03:54:55 2013 srsieve stopped: at p=804163280507 because SIGINT was received.
Thu Nov 28 03:54:56 2013 srsieve stopped: at p=504866265161 because SIGINT was received.
Thu Nov 28 03:54:57 2013 srsieve stopped: at p=285171012079 because SIGINT was received.
Thu Nov 28 03:54:57 2013 srsieve stopped: at p=304485480223 because SIGINT was received.
Thu Nov 28 03:54:58 2013 srsieve stopped: at p=258600252017 because SIGINT was received.
Thu Nov 28 03:54:58 2013 srsieve stopped: at p=128284794637 because SIGINT was received.
Thu Nov 28 03:54:59 2013 srsieve stopped: at p=459059569421 because SIGINT was received.
Thu Nov 28 03:55:00 2013 srsieve stopped: at p=143466113027 because SIGINT was received.
Thu Nov 28 03:55:00 2013 srsieve stopped: at p=673177524731 because SIGINT was received.
Thu Nov 28 20:20:24 2013 srsieve started: 15889 <= n <= 59949, 804163280507 <= p <= 4804163280507
Thu Nov 28 20:20:25 2013 srsieve started: 15831 <= n <= 59997, 504866265161 <= p <= 4504866265161
Thu Nov 28 20:20:26 2013 srsieve started: 15826 <= n <= 59992, 285171012079 <= p <= 4285171012079
Thu Nov 28 20:20:27 2013 srsieve started: 15827 <= n <= 59999, 304485480223 <= p <= 4304485480223
Thu Nov 28 20:20:28 2013 srsieve started: 15863 <= n <= 59993, 258600252017 <= p <= 4258600252017
Thu Nov 28 20:20:28 2013 srsieve started: 15824 <= n <= 59998, 128284794637 <= p <= 4128284794637
Thu Nov 28 20:20:29 2013 srsieve started: 15848 <= n <= 59999, 459059569421 <= p <= 4459059569421
Thu Nov 28 20:20:30 2013 srsieve started: 15817 <= n <= 59998, 143466113027 <= p <= 4143466113027
Thu Nov 28 20:20:31 2013 srsieve started: 25915 <= n <= 59983, 673177524731 <= p <= 4673177524731
Fri Nov 29 06:25:37 2013 srsieve stopped: at p=899278379833 because SIGINT was received.
Fri Nov 29 06:25:37 2013 srsieve stopped: at p=574784903867 because SIGINT was received.
Fri Nov 29 06:25:38 2013 srsieve stopped: at p=317584451167 because SIGINT was received.
Fri Nov 29 06:25:39 2013 srsieve stopped: at p=351469703251 because SIGINT was received.
Fri Nov 29 06:25:39 2013 srsieve stopped: at p=288753861251 because SIGINT was received.
Fri Nov 29 06:25:40 2013 srsieve stopped: at p=143407382257 because SIGINT was received.
Fri Nov 29 06:25:40 2013 srsieve stopped: at p=513637024567 because SIGINT was received.
Fri Nov 29 06:25:41 2013 srsieve stopped: at p=160310497493 because SIGINT was received.
Fri Nov 29 06:25:42 2013 srsieve stopped: at p=736578952933 because SIGINT was received.
Fri Nov 29 18:10:48 2013 srsieve started: 15889 <= n <= 59949, 899278379833 <= p <= 4899278379833
Fri Nov 29 18:10:49 2013 srsieve started: 15831 <= n <= 59997, 574784903867 <= p <= 4574784903867
Fri Nov 29 18:10:50 2013 srsieve started: 15826 <= n <= 59992, 317584451167 <= p <= 4317584451167
Fri Nov 29 18:10:50 2013 srsieve started: 15827 <= n <= 59999, 351469703251 <= p <= 4351469703251
Fri Nov 29 18:10:51 2013 srsieve started: 15863 <= n <= 59993, 288753861251 <= p <= 4288753861251
Fri Nov 29 18:10:52 2013 srsieve started: 15824 <= n <= 59998, 143407382257 <= p <= 4143407382257
Fri Nov 29 18:10:53 2013 srsieve started: 15848 <= n <= 59999, 513637024567 <= p <= 4513637024567
Fri Nov 29 18:10:54 2013 srsieve started: 15817 <= n <= 59998, 160310497493 <= p <= 4160310497493
Fri Nov 29 18:10:55 2013 srsieve started: 25915 <= n <= 59983, 736578952933 <= p <= 4736578952933
Sat Nov 30 21:26:31 2013 srsieve stopped: at p=1159863213967 because SIGINT was received.
Sat Nov 30 21:26:31 2013 srsieve stopped: at p=767193271987 because SIGINT was received.
Sat Nov 30 21:26:32 2013 srsieve stopped: at p=406994626697 because SIGINT was received.
Sat Nov 30 21:26:32 2013 srsieve stopped: at p=480736435987 because SIGINT was received.
Sat Nov 30 21:26:33 2013 srsieve stopped: at p=371940302497 because SIGINT was received.
Sat Nov 30 21:26:33 2013 srsieve stopped: at p=184970636737 because SIGINT was received.
Sat Nov 30 21:26:34 2013 srsieve stopped: at p=663208763731 because SIGINT was received.
Sat Nov 30 21:26:35 2013 srsieve stopped: at p=206645901971 because SIGINT was received.
Sat Nov 30 21:26:35 2013 srsieve stopped: at p=910873950307 because SIGINT was received.
